<?xml version="1.0" encoding="UTF-8"?>
<testng-results ignored="0" total="2" passed="2" failed="0" skipped="0">
  <reporter-output>
  </reporter-output>
  <suite started-at="2022-07-04T13:58:12 IST" name="Default suite" finished-at="2022-07-04T13:58:12 IST" duration-ms="81">
    <groups>
    </groups>
    <test started-at="2022-07-04T13:58:12 IST" name="Default test" finished-at="2022-07-04T13:58:12 IST" duration-ms="81">
      <class name="TestNgAnnotation.pariotiesTestNg">
        <test-method signature="test()[pri:0, instance:TestNgAnnotation.pariotiesTestNg@159f197]" started-at="2022-07-04T13:58:12 IST" name="test" finished-at="2022-07-04T13:58:12 IST" duration-ms="15" status="PASS">
          <reporter-output>
          </reporter-output>
        </test-method> <!-- test -->
        <test-method signature="loginTest()[pri:1, instance:TestNgAnnotation.pariotiesTestNg@159f197]" started-at="2022-07-04T13:58:12 IST" name="loginTest" finished-at="2022-07-04T13:58:12 IST" duration-ms="2" status="PASS">
          <reporter-output>
          </reporter-output>
        </test-method> <!-- loginTest -->
      </class> <!-- TestNgAnnotation.pariotiesTestNg -->
    </test> <!-- Default test -->
  </suite> <!-- Default suite -->
</testng-results>
